\BOOKMARK [0][-]{chapter*.4}{Inhaltsverzeichnis}{}% 1
\BOOKMARK [0][-]{chapter*.5}{Abk\374rzungsverzeichnis}{}% 2
\BOOKMARK [0][-]{chapter*.6}{Abbildungsverzeichnis}{}% 3
\BOOKMARK [0][-]{chapter*.8}{Tabellenverzeichnis}{}% 4
\BOOKMARK [0][-]{chapter*.9}{Listingverzeichnis}{}% 5
\BOOKMARK [0][-]{chapter.1}{Einleitung}{}% 6
\BOOKMARK [0][-]{chapter.2}{Theoretischer Teil}{}% 7
\BOOKMARK [1][-]{section.2.1}{Begriffsdefinitionen}{chapter.2}% 8
\BOOKMARK [1][-]{section.2.2}{Vergleich von verschiedenen SBCs}{chapter.2}% 9
\BOOKMARK [1][-]{section.2.3}{Raspberry Pi 3}{chapter.2}% 10
\BOOKMARK [2][-]{subsection.2.3.1}{Allgemeine technische Daten}{section.2.3}% 11
\BOOKMARK [2][-]{subsection.2.3.2}{GPIO-Kontakte}{section.2.3}% 12
\BOOKMARK [1][-]{section.2.4}{Bussysteme}{chapter.2}% 13
\BOOKMARK [2][-]{subsection.2.4.1}{1-Wire}{section.2.4}% 14
\BOOKMARK [2][-]{subsection.2.4.2}{I2C-Bus}{section.2.4}% 15
\BOOKMARK [0][-]{chapter.3}{Praktischer Teil}{}% 16
\BOOKMARK [1][-]{section.3.1}{Ben\366tigte Materialien}{chapter.3}% 17
\BOOKMARK [1][-]{section.3.2}{Temperaturmessung mit Sensor DS18S20}{chapter.3}% 18
\BOOKMARK [2][-]{subsection.3.2.1}{DS18S20}{section.3.2}% 19
\BOOKMARK [2][-]{subsection.3.2.2}{Schaltungsaufbau}{section.3.2}% 20
\BOOKMARK [2][-]{subsection.3.2.3}{Auslesen des Sensors}{section.3.2}% 21
\BOOKMARK [2][-]{subsection.3.2.4}{Datenspeicherung}{section.3.2}% 22
\BOOKMARK [2][-]{subsection.3.2.5}{Visualisierung der Daten}{section.3.2}% 23
\BOOKMARK [1][-]{section.3.3}{Temperatur- und Luftfeuchtigkeitsmessung mit HYT-221}{chapter.3}% 24
\BOOKMARK [2][-]{subsection.3.3.1}{HYT-221}{section.3.3}% 25
\BOOKMARK [2][-]{subsection.3.3.2}{Schaltungsaufbau}{section.3.3}% 26
\BOOKMARK [2][-]{subsection.3.3.3}{Auslesen der Daten}{section.3.3}% 27
\BOOKMARK [2][-]{subsection.3.3.4}{Datenspeicherung}{section.3.3}% 28
\BOOKMARK [2][-]{subsection.3.3.5}{Visualisierung der Daten}{section.3.3}% 29
\BOOKMARK [1][-]{section.3.4}{Vibrationsmessung mit Sensor BMA020}{chapter.3}% 30
\BOOKMARK [2][-]{subsection.3.4.1}{BMA020}{section.3.4}% 31
\BOOKMARK [2][-]{subsection.3.4.2}{Schaltungsaufbau}{section.3.4}% 32
\BOOKMARK [2][-]{subsection.3.4.3}{Auslesen der Daten}{section.3.4}% 33
\BOOKMARK [2][-]{subsection.3.4.4}{Datenspeicherung}{section.3.4}% 34
\BOOKMARK [2][-]{subsection.3.4.5}{Visualisierung der Vibrationswerte}{section.3.4}% 35
\BOOKMARK [1][-]{section.3.5}{Validierung}{chapter.3}% 36
\BOOKMARK [0][-]{chapter.4}{Zusammenfassung und Ausblick}{}% 37
\BOOKMARK [0][-]{chapter.4}{Literatur}{}% 38
\BOOKMARK [0][-]{appendix.A}{Quellcode}{}% 39
\BOOKMARK [1][-]{section.A.1}{Python Script DS18S20}{appendix.A}% 40
\BOOKMARK [1][-]{section.A.2}{Erstellung Grafen DS18S20}{appendix.A}% 41
\BOOKMARK [1][-]{section.A.3}{Python Script HYT-221 mit RRD}{appendix.A}% 42
\BOOKMARK [1][-]{section.A.4}{Python Script HYT-221 mit mySQL}{appendix.A}% 43
\BOOKMARK [1][-]{section.A.5}{Erstellung Grafen HYT-221}{appendix.A}% 44
\BOOKMARK [1][-]{section.A.6}{Python Script Vibrationsmessung}{appendix.A}% 45
\BOOKMARK [1][-]{section.A.7}{PHP-Script zum Auslesen der Beschleunigungswerte}{appendix.A}% 46
\BOOKMARK [1][-]{section.A.8}{JavaScript File zur Visualisierung der Beschleunigungswerte}{appendix.A}% 47
\BOOKMARK [1][-]{section.A.9}{HTML File zur Darstellung der Beschleunigungswerte}{appendix.A}% 48
\BOOKMARK [0][-]{appendix.B}{Abbildungen}{}% 49
\BOOKMARK [1][-]{section.B.1}{Grafen Temperatur und Luftfeuchtigkeit}{appendix.B}% 50
\BOOKMARK [1][-]{section.B.2}{Visualisierung der Vibrationswerte}{appendix.B}% 51
